<?xml version="1.0" encoding="UTF-8"?>
<!-- Generated by org.testng.reporters.JUnitReportReporter -->
<testsuite skipped="0" hostname="DESKTOP-P1P3PLC" name="testCases.TC003_EditLead" tests="1" failures="0" timestamp="2022-02-24T20:44:47 MST" time="32.589" errors="0">
  <testcase name="editLead" time="32.589" classname="testCases.TC003_EditLead"/>
</testsuite> <!-- testCases.TC003_EditLead -->
