<?xml version="1.0" encoding="UTF-8"?>
<!-- Generated by org.testng.reporters.JUnitReportReporter -->
<testsuite skipped="0" hostname="DESKTOP-P1P3PLC" name="testCases.TC001_LoginLogOut" tests="2" failures="0" timestamp="2022-02-24T20:30:46 MST" time="14.838" errors="0">
  <testcase name="loginLogOut" time="6.545" classname="testCases.TC001_LoginLogOut"/>
  <testcase name="loginLogOut" time="8.293" classname="testCases.TC001_LoginLogOut"/>
</testsuite> <!-- testCases.TC001_LoginLogOut -->
