<?xml version="1.0" encoding="UTF-8"?>
<!-- Generated by org.testng.reporters.JUnitReportReporter -->
<testsuite skipped="1" hostname="DESKTOP-P1P3PLC" name="testCases.TC004_DeleteLead" tests="1" failures="0" timestamp="2022-02-28T17:38:25 MST" time="0.000" errors="0">
  <testcase name="deleteLead" time="0.000" classname="testCases.TC004_DeleteLead">
    <skipped/>
  </testcase> <!-- deleteLead -->
</testsuite> <!-- testCases.TC004_DeleteLead -->
