<?xml version="1.0" encoding="UTF-8"?>
<!-- Generated by org.testng.reporters.JUnitReportReporter -->
<testsuite skipped="0" hostname="DESKTOP-P1P3PLC" name="steps.TestRunner" tests="5" failures="0" timestamp="2022-03-10T00:26:49 MST" time="78.907" errors="0">
  <testcase name="runScenario" time="6.553" classname="steps.TestRunner"/>
  <testcase name="runScenario" time="20.060" classname="steps.TestRunner"/>
  <testcase name="runScenario" time="23.965" classname="steps.TestRunner"/>
  <testcase name="runScenario" time="4.446" classname="steps.TestRunner"/>
  <testcase name="runScenario" time="23.883" classname="steps.TestRunner"/>
</testsuite> <!-- steps.TestRunner -->
